# JRE version: OpenJDK Runtime Environment Temurin-17.0.2+8 (17.0.2+8) (build 17.0.2+8)
# Java VM: OpenJDK 64-Bit Server VM Temurin-17.0.2+8 (17.0.2+8, mixed mode, emulated-client, tiered, compressed oops, compressed class ptrs, g1 gc, windows-amd64)
GC Precious Log:
 CPUs: 12 total, 12 available
 Memory: 32548M
 Large Page Support: Disabled
 NUMA Support: Disabled
 Compressed Oops: Enabled (Zero based)
 Heap Region Size: 4M
 Heap Min Capacity: 8M
 Heap Initial Capacity: 512M
 Heap Max Capacity: 8140M
 Pre-touch: Disabled
 Parallel Workers: 10
 Concurrent Workers: 3
 Concurrent Refinement Workers: 10
 Periodic GC: Disabled
Heap:
 garbage-first heap   total 110592K, used 44346K [0x0000000603400000, 0x0000000800000000)
  region size 4096K, 7 young (28672K), 1 survivors (4096K)
 Metaspace       used 66372K, committed 66816K, reserved 1114112K
  class space    used 9014K, committed 9216K, reserved 1048576K
GC Heap History (20 events):
Event: 1.089 GC heap before
{Heap before GC invocations=4 (full 0):
 garbage-first heap   total 57344K, used 38190K [0x0000000603400000, 0x0000000800000000)
  region size 4096K, 9 young (36864K), 1 survivors (4096K)
 Metaspace       used 23997K, committed 24320K, reserved 1073152K
  class space    used 2797K, committed 2944K, reserved 1048576K
}
Event: 1.091 GC heap after
{Heap after GC invocations=5 (full 0):
 garbage-first heap   total 57344K, used 9854K [0x0000000603400000, 0x0000000800000000)
  region size 4096K, 1 young (4096K), 1 survivors (4096K)
 Metaspace       used 23997K, committed 24320K, reserved 1073152K
  class space    used 2797K, committed 2944K, reserved 1048576K
}
Event: 1.101 GC heap before
{Heap before GC invocations=5 (full 0):
 garbage-first heap   total 57344K, used 13950K [0x0000000603400000, 0x0000000800000000)
  region size 4096K, 2 young (8192K), 1 survivors (4096K)
 Metaspace       used 24298K, committed 24640K, reserved 1073152K
  class space    used 2843K, committed 3008K, reserved 1048576K
}
Event: 1.103 GC heap after
{Heap after GC invocations=6 (full 0):
 garbage-first heap   total 57344K, used 9875K [0x0000000603400000, 0x0000000800000000)
  region size 4096K, 1 young (4096K), 1 survivors (4096K)
 Metaspace       used 24298K, committed 24640K, reserved 1073152K
  class space    used 2843K, committed 3008K, reserved 1048576K
}
Event: 1.176 GC heap before
{Heap before GC invocations=6 (full 0):
 garbage-first heap   total 57344K, used 34451K [0x0000000603400000, 0x0000000800000000)
  region size 4096K, 7 young (28672K), 1 survivors (4096K)
 Metaspace       used 26381K, committed 26688K, reserved 1073152K
  class space    used 3194K, committed 3328K, reserved 1048576K
}
Event: 1.179 GC heap after
{Heap after GC invocations=7 (full 0):
 garbage-first heap   total 290816K, used 10653K [0x0000000603400000, 0x0000000800000000)
  region size 4096K, 1 young (4096K), 1 survivors (4096K)
 Metaspace       used 26381K, committed 26688K, reserved 1073152K
  class space    used 3194K, committed 3328K, reserved 1048576K
}
Event: 1.804 GC heap before
{Heap before GC invocations=7 (full 0):
 garbage-first heap   total 290816K, used 145821K [0x0000000603400000, 0x0000000800000000)
  region size 4096K, 35 young (143360K), 1 survivors (4096K)
 Metaspace       used 35922K, committed 36288K, reserved 1081344K
  class space    used 4467K, committed 4672K, reserved 1048576K
}
Event: 1.808 GC heap after
{Heap after GC invocations=8 (full 0):
 garbage-first heap   total 290816K, used 13947K [0x0000000603400000, 0x0000000800000000)
  region size 4096K, 2 young (8192K), 2 survivors (8192K)
 Metaspace       used 35922K, committed 36288K, reserved 1081344K
  class space    used 4467K, committed 4672K, reserved 1048576K
}
Event: 2.129 GC heap before
{Heap before GC invocations=9 (full 0):
 garbage-first heap   total 81920K, used 63099K [0x0000000603400000, 0x0000000800000000)
  region size 4096K, 14 young (57344K), 2 survivors (8192K)
 Metaspace       used 39808K, committed 40256K, reserved 1089536K
  class space    used 5010K, committed 5248K, reserved 1048576K
}
Event: 2.132 GC heap after
{Heap after GC invocations=10 (full 0):
 garbage-first heap   total 81920K, used 16944K [0x0000000603400000, 0x0000000800000000)
  region size 4096K, 2 young (8192K), 2 survivors (8192K)
 Metaspace       used 39808K, committed 40256K, reserved 1089536K
  class space    used 5010K, committed 5248K, reserved 1048576K
}
Event: 2.165 GC heap before
{Heap before GC invocations=10 (full 0):
 garbage-first heap   total 81920K, used 21040K [0x0000000603400000, 0x0000000800000000)
  region size 4096K, 3 young (12288K), 2 survivors (8192K)
 Metaspace       used 40055K, committed 40448K, reserved 1089536K
  class space    used 5047K, committed 5248K, reserved 1048576K
}
Event: 2.168 GC heap after
{Heap after GC invocations=11 (full 0):
 garbage-first heap   total 81920K, used 17578K [0x0000000603400000, 0x0000000800000000)
  region size 4096K, 1 young (4096K), 1 survivors (4096K)
 Metaspace       used 40055K, committed 40448K, reserved 1089536K
  class space    used 5047K, committed 5248K, reserved 1048576K
}
Event: 2.372 GC heap before
{Heap before GC invocations=11 (full 0):
 garbage-first heap   total 81920K, used 54442K [0x0000000603400000, 0x0000000800000000)
  region size 4096K, 10 young (40960K), 1 survivors (4096K)
 Metaspace       used 43172K, committed 43584K, reserved 1089536K
  class space    used 5471K, committed 5696K, reserved 1048576K
}
Event: 2.374 GC heap after
{Heap after GC invocations=12 (full 0):
 garbage-first heap   total 303104K, used 17642K [0x0000000603400000, 0x0000000800000000)
  region size 4096K, 1 young (4096K), 1 survivors (4096K)
 Metaspace       used 43172K, committed 43584K, reserved 1089536K
  class space    used 5471K, committed 5696K, reserved 1048576K
}
Event: 3.350 GC heap before
{Heap before GC invocations=12 (full 0):
 garbage-first heap   total 303104K, used 177386K [0x0000000603400000, 0x0000000800000000)
  region size 4096K, 41 young (167936K), 1 survivors (4096K)
 Metaspace       used 60246K, committed 60608K, reserved 1105920K
  class space    used 7989K, committed 8192K, reserved 1048576K
}
Event: 3.353 GC heap after
{Heap after GC invocations=13 (full 0):
 garbage-first heap   total 303104K, used 21626K [0x0000000603400000, 0x0000000800000000)
  region size 4096K, 2 young (8192K), 2 survivors (8192K)
 Metaspace       used 60246K, committed 60608K, reserved 1105920K
  class space    used 7989K, committed 8192K, reserved 1048576K
}
Event: 3.690 GC heap before
{Heap before GC invocations=14 (full 0):
 garbage-first heap   total 110592K, used 78970K [0x0000000603400000, 0x0000000800000000)
  region size 4096K, 16 young (65536K), 2 survivors (8192K)
 Metaspace       used 64566K, committed 64960K, reserved 1105920K
  class space    used 8633K, committed 8832K, reserved 1048576K
}
Event: 3.693 GC heap after
{Heap after GC invocations=15 (full 0):
 garbage-first heap   total 110592K, used 24060K [0x0000000603400000, 0x0000000800000000)
  region size 4096K, 1 young (4096K), 1 survivors (4096K)
 Metaspace       used 64566K, committed 64960K, reserved 1105920K
  class space    used 8633K, committed 8832K, reserved 1048576K
}
Event: 3.716 GC heap before
{Heap before GC invocations=15 (full 0):
 garbage-first heap   total 110592K, used 28156K [0x0000000603400000, 0x0000000800000000)
  region size 4096K, 2 young (8192K), 1 survivors (4096K)
 Metaspace       used 64867K, committed 65280K, reserved 1105920K
  class space    used 8701K, committed 8896K, reserved 1048576K
}
Event: 3.718 GC heap after
{Heap after GC invocations=16 (full 0):
 garbage-first heap   total 110592K, used 23866K [0x0000000603400000, 0x0000000800000000)
  region size 4096K, 1 young (4096K), 1 survivors (4096K)
 Metaspace       used 64867K, committed 65280K, reserved 1105920K
  class space    used 8701K, committed 8896K, reserved 1048576K
}

